# JRE version: Java(TM) SE Runtime Environment (8.0_91-b15) (build 1.8.0_91-b15)
# Java VM: Java HotSpot(TM) 64-Bit Server VM (25.91-b15 mixed mode windows-amd64 compressed oops)
Heap:
 PSYoungGen      total 68096K, used 54880K [0x00000000eb180000, 0x00000000f4180000, 0x0000000100000000)
  eden space 65536K, 83% used [0x00000000eb180000,0x00000000ee7181c0,0x00000000ef180000)
  from space 2560K, 0% used [0x00000000ef180000,0x00000000ef180000,0x00000000ef400000)
  to   space 8192K, 0% used [0x00000000f3980000,0x00000000f3980000,0x00000000f4180000)
 ParOldGen       total 39424K, used 10071K [0x00000000c1400000, 0x00000000c3a80000, 0x00000000eb180000)
  object space 39424K, 25% used [0x00000000c1400000,0x00000000c1dd5fa0,0x00000000c3a80000)
 Metaspace       used 28283K, capacity 28682K, committed 28800K, reserved 1075200K
  class space    used 3832K, capacity 3942K, committed 3968K, reserved 1048576K
GC Heap History (10 events):
Event: 0.289 GC heap before
{Heap before GC invocations=2 (full 0):
 PSYoungGen      total 18944K, used 17391K [0x00000000eb180000, 0x00000000ed680000, 0x0000000100000000)
  eden space 16384K, 100% used [0x00000000eb180000,0x00000000ec180000,0x00000000ec180000)
  from space 2560K, 39% used [0x00000000ec180000,0x00000000ec27bca0,0x00000000ec400000)
  to   space 2560K, 0% used [0x00000000ed400000,0x00000000ed400000,0x00000000ed680000)
 ParOldGen       total 44032K, used 8K [0x00000000c1400000, 0x00000000c3f00000, 0x00000000eb180000)
  object space 44032K, 0% used [0x00000000c1400000,0x00000000c1402000,0x00000000c3f00000)
 Metaspace       used 5718K, capacity 5954K, committed 6144K, reserved 1056768K
  class space    used 669K, capacity 730K, committed 768K, reserved 1048576K
Event: 0.291 GC heap after
Heap after GC invocations=2 (full 0):
 PSYoungGen      total 35328K, used 2120K [0x00000000eb180000, 0x00000000ed680000, 0x0000000100000000)
  eden space 32768K, 0% used [0x00000000eb180000,0x00000000eb180000,0x00000000ed180000)
  from space 2560K, 82% used [0x00000000ed400000,0x00000000ed6122c8,0x00000000ed680000)
  to   space 2560K, 0% used [0x00000000ed180000,0x00000000ed180000,0x00000000ed400000)
 ParOldGen       total 44032K, used 16K [0x00000000c1400000, 0x00000000c3f00000, 0x00000000eb180000)
  object space 44032K, 0% used [0x00000000c1400000,0x00000000c1404000,0x00000000c3f00000)
 Metaspace       used 5718K, capacity 5954K, committed 6144K, reserved 1056768K
  class space    used 669K, capacity 730K, committed 768K, reserved 1048576K
}
Event: 1.039 GC heap before
{Heap before GC invocations=3 (full 0):
 PSYoungGen      total 35328K, used 34888K [0x00000000eb180000, 0x00000000ed680000, 0x0000000100000000)
  eden space 32768K, 100% used [0x00000000eb180000,0x00000000ed180000,0x00000000ed180000)
  from space 2560K, 82% used [0x00000000ed400000,0x00000000ed6122c8,0x00000000ed680000)
  to   space 2560K, 0% used [0x00000000ed180000,0x00000000ed180000,0x00000000ed400000)
 ParOldGen       total 44032K, used 16K [0x00000000c1400000, 0x00000000c3f00000, 0x00000000eb180000)
  object space 44032K, 0% used [0x00000000c1400000,0x00000000c1404000,0x00000000c3f00000)
 Metaspace       used 13484K, capacity 13774K, committed 13824K, reserved 1060864K
  class space    used 1658K, capacity 1753K, committed 1792K, reserved 1048576K
Event: 1.059 GC heap after
Heap after GC invocations=3 (full 0):
 PSYoungGen      total 35328K, used 2554K [0x00000000eb180000, 0x00000000ef680000, 0x0000000100000000)
  eden space 32768K, 0% used [0x00000000eb180000,0x00000000eb180000,0x00000000ed180000)
  from space 2560K, 99% used [0x00000000ed180000,0x00000000ed3fe950,0x00000000ed400000)
  to   space 2560K, 0% used [0x00000000ef400000,0x00000000ef400000,0x00000000ef680000)
 ParOldGen       total 44032K, used 3903K [0x00000000c1400000, 0x00000000c3f00000, 0x00000000eb180000)
  object space 44032K, 8% used [0x00000000c1400000,0x00000000c17cff90,0x00000000c3f00000)
 Metaspace       used 13484K, capacity 13774K, committed 13824K, reserved 1060864K
  class space    used 1658K, capacity 1753K, committed 1792K, reserved 1048576K
}
Event: 1.884 GC heap before
{Heap before GC invocations=4 (full 0):
 PSYoungGen      total 35328K, used 35322K [0x00000000eb180000, 0x00000000ef680000, 0x0000000100000000)
  eden space 32768K, 100% used [0x00000000eb180000,0x00000000ed180000,0x00000000ed180000)
  from space 2560K, 99% used [0x00000000ed180000,0x00000000ed3fe950,0x00000000ed400000)
  to   space 2560K, 0% used [0x00000000ef400000,0x00000000ef400000,0x00000000ef680000)
 ParOldGen       total 44032K, used 3903K [0x00000000c1400000, 0x00000000c3f00000, 0x00000000eb180000)
  object space 44032K, 8% used [0x00000000c1400000,0x00000000c17cff90,0x00000000c3f00000)
 Metaspace       used 18163K, capacity 18472K, committed 18560K, reserved 1064960K
  class space    used 2523K, capacity 2610K, committed 2688K, reserved 1048576K
Event: 1.895 GC heap after
Heap after GC invocations=4 (full 0):
 PSYoungGen      total 68096K, used 2530K [0x00000000eb180000, 0x00000000ef680000, 0x0000000100000000)
  eden space 65536K, 0% used [0x00000000eb180000,0x00000000eb180000,0x00000000ef180000)
  from space 2560K, 98% used [0x00000000ef400000,0x00000000ef678920,0x00000000ef680000)
  to   space 2560K, 0% used [0x00000000ef180000,0x00000000ef180000,0x00000000ef400000)
 ParOldGen       total 44032K, used 7877K [0x00000000c1400000, 0x00000000c3f00000, 0x00000000eb180000)
  object space 44032K, 17% used [0x00000000c1400000,0x00000000c1bb1668,0x00000000c3f00000)
 Metaspace       used 18163K, capacity 18472K, committed 18560K, reserved 1064960K
  class space    used 2523K, capacity 2610K, committed 2688K, reserved 1048576K
}
Event: 2.479 GC heap before
{Heap before GC invocations=5 (full 0):
 PSYoungGen      total 68096K, used 13708K [0x00000000eb180000, 0x00000000ef680000, 0x0000000100000000)
  eden space 65536K, 17% used [0x00000000eb180000,0x00000000ebc6aa80,0x00000000ef180000)
  from space 2560K, 98% used [0x00000000ef400000,0x00000000ef678920,0x00000000ef680000)
  to   space 2560K, 0% used [0x00000000ef180000,0x00000000ef180000,0x00000000ef400000)
 ParOldGen       total 44032K, used 7877K [0x00000000c1400000, 0x00000000c3f00000, 0x00000000eb180000)
  object space 44032K, 17% used [0x00000000c1400000,0x00000000c1bb1668,0x00000000c3f00000)
 Metaspace       used 20819K, capacity 21128K, committed 21248K, reserved 1067008K
  class space    used 2863K, capacity 2962K, committed 3072K, reserved 1048576K
Event: 2.486 GC heap after
Heap after GC invocations=5 (full 0):
 PSYoungGen      total 68096K, used 2546K [0x00000000eb180000, 0x00000000f4180000, 0x0000000100000000)
  eden space 65536K, 0% used [0x00000000eb180000,0x00000000eb180000,0x00000000ef180000)
  from space 2560K, 99% used [0x00000000ef180000,0x00000000ef3fc950,0x00000000ef400000)
  to   space 8192K, 0% used [0x00000000f3980000,0x00000000f3980000,0x00000000f4180000)
 ParOldGen       total 44032K, used 9779K [0x00000000c1400000, 0x00000000c3f00000, 0x00000000eb180000)
  object space 44032K, 22% used [0x00000000c1400000,0x00000000c1d8ce68,0x00000000c3f00000)
 Metaspace       used 20819K, capacity 21128K, committed 21248K, reserved 1067008K
  class space    used 2863K, capacity 2962K, committed 3072K, reserved 1048576K
}
Event: 2.486 GC heap before
{Heap before GC invocations=6 (full 1):
 PSYoungGen      total 68096K, used 2546K [0x00000000eb180000, 0x00000000f4180000, 0x0000000100000000)
  eden space 65536K, 0% used [0x00000000eb180000,0x00000000eb180000,0x00000000ef180000)
  from space 2560K, 99% used [0x00000000ef180000,0x00000000ef3fc950,0x00000000ef400000)
  to   space 8192K, 0% used [0x00000000f3980000,0x00000000f3980000,0x00000000f4180000)
 ParOldGen       total 44032K, used 9779K [0x00000000c1400000, 0x00000000c3f00000, 0x00000000eb180000)
  object space 44032K, 22% used [0x00000000c1400000,0x00000000c1d8ce68,0x00000000c3f00000)
 Metaspace       used 20819K, capacity 21128K, committed 21248K, reserved 1067008K
  class space    used 2863K, capacity 2962K, committed 3072K, reserved 1048576K
Event: 2.521 GC heap after
Heap after GC invocations=6 (full 1):
 PSYoungGen      total 68096K, used 0K [0x00000000eb180000, 0x00000000f4180000, 0x0000000100000000)
  eden space 65536K, 0% used [0x00000000eb180000,0x00000000eb180000,0x00000000ef180000)
  from space 2560K, 0% used [0x00000000ef180000,0x00000000ef180000,0x00000000ef400000)
  to   space 8192K, 0% used [0x00000000f3980000,0x00000000f3980000,0x00000000f4180000)
 ParOldGen       total 39424K, used 10071K [0x00000000c1400000, 0x00000000c3a80000, 0x00000000eb180000)
  object space 39424K, 25% used [0x00000000c1400000,0x00000000c1dd5fa0,0x00000000c3a80000)
 Metaspace       used 20819K, capacity 21128K, committed 21248K, reserved 1067008K
  class space    used 2863K, capacity 2962K, committed 3072K, reserved 1048576K
}

